<?xml version="1.0" encoding="UTF-8"?>
<!-- Generated by org.testng.reporters.JUnitXMLReporter -->
<testsuite ignored="2" hostname="subham" failures="0" tests="4" name="Default test" time="21.441" errors="0" timestamp="2024-01-19T16:06:18 IST">
  <testcase classname="com.healthcare.Medicave.DoctorModule.AddPatientTest" name="addPatientTest" time="1.619"/>
  <testcase classname="com.healthcare.Medicave.DoctorModule.AddPatientTest" name="addPatientTest" time="1.927"/>
  <testcase classname="com.healthcare.Medicave.DoctorModule.UpdatePatientDetailsTest" name="updatePatientTest" time="1.911"/>
  <testcase classname="com.healthcare.Medicave.DoctorModule.UpdatePatientDetailsTest" name="createPatientMedicalReport" time="2.095"/>
  <testcase classname="com.genaricLibUtilities.BaseClass" name="@AfterSuite config_AS" time="0.0">
    <ignored/>
  </testcase> <!-- @AfterSuite config_AS -->
  <testcase classname="com.genaricLibUtilities.BaseClass" name="@BeforeSuite config_BS" time="0.0">
    <ignored/>
  </testcase> <!-- @BeforeSuite config_BS -->
</testsuite> <!-- Default test -->
